<?xml version="1.0" encoding="UTF-8"?>
<!-- Generated by org.testng.reporters.JUnitReportReporter -->
<testsuite hostname="LAPTOP-66T3B3KH" failures="0" tests="4" name="api.test.UserTests" time="7.660" errors="0" timestamp="2024-08-26T01:19:16 IST" skipped="0">
  <testcase classname="api.test.UserTests" name="testPostUser" time="2.753"/>
  <testcase classname="api.test.UserTests" name="testGetUserByName" time="1.266"/>
  <testcase classname="api.test.UserTests" name="testUpdateUserByName" time="2.434"/>
  <testcase classname="api.test.UserTests" name="testDeleteUserByName" time="1.207"/>
</testsuite> <!-- api.test.UserTests -->
