<?xml version="1.0" encoding="UTF-8"?>
<!-- Generated by org.testng.reporters.JUnitReportReporter -->
<testsuite hostname="LAPTOP-66T3B3KH" failures="0" tests="6" name="api.test.DDTests" time="9.115" errors="0" timestamp="2024-08-26T00:55:19 IST" skipped="0">
  <testcase classname="api.test.DDTests" name="testPostUser" time="2.930"/>
  <testcase classname="api.test.DDTests" name="testPostUser" time="1.280"/>
  <testcase classname="api.test.DDTests" name="testPostUser" time="1.220"/>
  <testcase classname="api.test.DDTests" name="testDeleteUserByName" time="1.219"/>
  <testcase classname="api.test.DDTests" name="testDeleteUserByName" time="1.196"/>
  <testcase classname="api.test.DDTests" name="testDeleteUserByName" time="1.270"/>
</testsuite> <!-- api.test.DDTests -->
