<?xml version="1.0" encoding="UTF-8"?>
<!-- Generated by org.testng.reporters.JUnitReportReporter -->
<testsuite hostname="LAPTOP-66T3B3KH" failures="0" tests="4" name="api.test.UserTests2" time="8.046" errors="0" timestamp="2024-08-28T19:01:01 IST" skipped="0">
  <testcase classname="api.test.UserTests2" name="testPostUser" time="3.056"/>
  <testcase classname="api.test.UserTests2" name="testGetUserByName" time="1.285"/>
  <testcase classname="api.test.UserTests2" name="testUpdateUserByName" time="2.533"/>
  <testcase classname="api.test.UserTests2" name="testDeleteUserByName" time="1.172"/>
</testsuite> <!-- api.test.UserTests2 -->
