<?xml version="1.0" encoding="UTF-8"?>
<!-- Generated by org.testng.reporters.JUnitReportReporter -->
<testsuite hostname="LAPTOP-66T3B3KH" failures="0" tests="4" name="api.test.UserTests2" time="7.701" errors="0" timestamp="2024-08-28T19:21:13 IST" skipped="0">
  <testcase classname="api.test.UserTests2" name="testPostUser" time="2.812"/>
  <testcase classname="api.test.UserTests2" name="testGetUserByName" time="1.298"/>
  <testcase classname="api.test.UserTests2" name="testUpdateUserByName" time="2.397"/>
  <testcase classname="api.test.UserTests2" name="testDeleteUserByName" time="1.194"/>
</testsuite> <!-- api.test.UserTests2 -->
